[2021-01-27 17:41:16] local.ERROR: SQLSTATE[HY000]: General error: 1215 Cannot add foreign key constraint (SQL: alter table `table__pregunta` add constraint `table__pregunta_idcarta_foreign` foreign key (`idCarta`) references `carta` (`id`)) {"exception":"[object] (Illuminate\\Database\\QueryException(code: HY000): SQLSTATE[HY000]: General error: 1215 Cannot add foreign key constraint (SQL: alter table `table__pregunta` add constraint `table__pregunta_idcarta_foreign` foreign key (`idCarta`) references `carta` (`id`)) at /var/www/html/laraveles/appAnimalesSalvajes/vendor/laravel/framework/src/Illuminate/Database/Connection.php:678)
[stacktrace]
#0 /var/www/html/laraveles/appAnimalesSalvajes/vendor/laravel/framework/src/Illuminate/Database/Connection.php(638): Illuminate\\Database\\Connection->runQueryCallback()
#1 /var/www/html/laraveles/appAnimalesSalvajes/vendor/laravel/framework/src/Illuminate/Database/Connection.php(472): Illuminate\\Database\\Connection->run()
#2 /var/www/html/laraveles/appAnimalesSalvajes/vendor/laravel/framework/src/Illuminate/Database/Schema/Blueprint.php(102): Illuminate\\Database\\Connection->statement()
#3 /var/www/html/laraveles/appAnimalesSalvajes/vendor/laravel/framework/src/Illuminate/Database/Schema/Builder.php(359): Illuminate\\Database\\Schema\\Blueprint->build()
#4 /var/www/html/laraveles/appAnimalesSalvajes/vendor/laravel/framework/src/Illuminate/Database/Schema/Builder.php(222): Illuminate\\Database\\Schema\\Builder->build()
#5 /var/www/html/laraveles/appAnimalesSalvajes/vendor/laravel/framework/src/Illuminate/Support/Facades/Facade.php(261): Illuminate\\Database\\Schema\\Builder->create()
#6 /var/www/html/laraveles/appAnimalesSalvajes/database/migrations/2021_01_27_172951_create_table__pregunta.php(26): Illuminate\\Support\\Facades\\Facade::__callStatic()
#7 /var/www/html/laraveles/appAnimalesSalvajes/vendor/laravel/framework/src/Illuminate/Database/Migrations/Migrator.php(392): CreateTablePregunta->up()
#8 /var/www/html/laraveles/appAnimalesSalvajes/vendor/laravel/framework/src/Illuminate/Database/Migrations/Migrator.php(401): Illuminate\\Database\\Migrations\\Migrator->Illuminate\\Database\\Migrations\\{closure}()
#9 /var/www/html/laraveles/appAnimalesSalvajes/vendor/laravel/framework/src/Illuminate/Database/Migrations/Migrator.php(200): Illuminate\\Database\\Migrations\\Migrator->runMigration()
#10 /var/www/html/laraveles/appAnimalesSalvajes/vendor/laravel/framework/src/Illuminate/Database/Migrations/Migrator.php(165): Illuminate\\Database\\Migrations\\Migrator->runUp()
#11 /var/www/html/laraveles/appAnimalesSalvajes/vendor/laravel/framework/src/Illuminate/Database/Migrations/Migrator.php(110): Illuminate\\Database\\Migrations\\Migrator->runPending()
#12 /var/www/html/laraveles/appAnimalesSalvajes/vendor/laravel/framework/src/Illuminate/Database/Console/Migrations/MigrateCommand.php(85): Illuminate\\Database\\Migrations\\Migrator->run()
#13 /var/www/html/laraveles/appAnimalesSalvajes/vendor/laravel/framework/src/Illuminate/Database/Migrations/Migrator.php(541): Illuminate\\Database\\Console\\Migrations\\MigrateCommand->Illuminate\\Database\\Console\\Migrations\\{closure}()
#14 /var/www/html/laraveles/appAnimalesSalvajes/vendor/laravel/framework/src/Illuminate/Database/Console/Migrations/MigrateCommand.php(94): Illuminate\\Database\\Migrations\\Migrator->usingConnection()
#15 /var/www/html/laraveles/appAnimalesSalvajes/vendor/laravel/framework/src/Illuminate/Container/BoundMethod.php(36): Illuminate\\Database\\Console\\Migrations\\MigrateCommand->handle()
#16 /var/www/html/laraveles/appAnimalesSalvajes/vendor/laravel/framework/src/Illuminate/Container/Util.php(40): Illuminate\\Container\\BoundMethod::Illuminate\\Container\\{closure}()
#17 /var/www/html/laraveles/appAnimalesSalvajes/vendor/laravel/framework/src/Illuminate/Container/BoundMethod.php(93): Illuminate\\Container\\Util::unwrapIfClosure()
#18 /var/www/html/laraveles/appAnimalesSalvajes/vendor/laravel/framework/src/Illuminate/Container/BoundMethod.php(37): Illuminate\\Container\\BoundMethod::callBoundMethod()
#19 /var/www/html/laraveles/appAnimalesSalvajes/vendor/laravel/framework/src/Illuminate/Container/Container.php(610): Illuminate\\Container\\BoundMethod::call()
#20 /var/www/html/laraveles/appAnimalesSalvajes/vendor/laravel/framework/src/Illuminate/Console/Command.php(136): Illuminate\\Container\\Container->call()
#21 /var/www/html/laraveles/appAnimalesSalvajes/vendor/symfony/console/Command/Command.php(256): Illuminate\\Console\\Command->execute()
#22 /var/www/html/laraveles/appAnimalesSalvajes/vendor/laravel/framework/src/Illuminate/Console/Command.php(121): Symfony\\Component\\Console\\Command\\Command->run()
#23 /var/www/html/laraveles/appAnimalesSalvajes/vendor/symfony/console/Application.php(971): Illuminate\\Console\\Command->run()
#24 /var/www/html/laraveles/appAnimalesSalvajes/vendor/symfony/console/Application.php(290): Symfony\\Component\\Console\\Application->doRunCommand()
#25 /var/www/html/laraveles/appAnimalesSalvajes/vendor/symfony/console/Application.php(166): Symfony\\Component\\Console\\Application->doRun()
#26 /var/www/html/laraveles/appAnimalesSalvajes/vendor/laravel/framework/src/Illuminate/Console/Application.php(93): Symfony\\Component\\Console\\Application->run()
#27 /var/www/html/laraveles/appAnimalesSalvajes/vendor/laravel/framework/src/Illuminate/Foundation/Console/Kernel.php(129): Illuminate\\Console\\Application->run()
#28 /var/www/html/laraveles/appAnimalesSalvajes/artisan(37): Illuminate\\Foundation\\Console\\Kernel->handle()
#29 {main}

[previous exception] [object] (PDOException(code: HY000): SQLSTATE[HY000]: General error: 1215 Cannot add foreign key constraint at /var/www/html/laraveles/appAnimalesSalvajes/vendor/laravel/framework/src/Illuminate/Database/Connection.php:471)
[stacktrace]
#0 /var/www/html/laraveles/appAnimalesSalvajes/vendor/laravel/framework/src/Illuminate/Database/Connection.php(471): PDOStatement->execute()
#1 /var/www/html/laraveles/appAnimalesSalvajes/vendor/laravel/framework/src/Illuminate/Database/Connection.php(671): Illuminate\\Database\\Connection->Illuminate\\Database\\{closure}()
#2 /var/www/html/laraveles/appAnimalesSalvajes/vendor/laravel/framework/src/Illuminate/Database/Connection.php(638): Illuminate\\Database\\Connection->runQueryCallback()
#3 /var/www/html/laraveles/appAnimalesSalvajes/vendor/laravel/framework/src/Illuminate/Database/Connection.php(472): Illuminate\\Database\\Connection->run()
#4 /var/www/html/laraveles/appAnimalesSalvajes/vendor/laravel/framework/src/Illuminate/Database/Schema/Blueprint.php(102): Illuminate\\Database\\Connection->statement()
#5 /var/www/html/laraveles/appAnimalesSalvajes/vendor/laravel/framework/src/Illuminate/Database/Schema/Builder.php(359): Illuminate\\Database\\Schema\\Blueprint->build()
#6 /var/www/html/laraveles/appAnimalesSalvajes/vendor/laravel/framework/src/Illuminate/Database/Schema/Builder.php(222): Illuminate\\Database\\Schema\\Builder->build()
#7 /var/www/html/laraveles/appAnimalesSalvajes/vendor/laravel/framework/src/Illuminate/Support/Facades/Facade.php(261): Illuminate\\Database\\Schema\\Builder->create()
#8 /var/www/html/laraveles/appAnimalesSalvajes/database/migrations/2021_01_27_172951_create_table__pregunta.php(26): Illuminate\\Support\\Facades\\Facade::__callStatic()
#9 /var/www/html/laraveles/appAnimalesSalvajes/vendor/laravel/framework/src/Illuminate/Database/Migrations/Migrator.php(392): CreateTablePregunta->up()
#10 /var/www/html/laraveles/appAnimalesSalvajes/vendor/laravel/framework/src/Illuminate/Database/Migrations/Migrator.php(401): Illuminate\\Database\\Migrations\\Migrator->Illuminate\\Database\\Migrations\\{closure}()
#11 /var/www/html/laraveles/appAnimalesSalvajes/vendor/laravel/framework/src/Illuminate/Database/Migrations/Migrator.php(200): Illuminate\\Database\\Migrations\\Migrator->runMigration()
#12 /var/www/html/laraveles/appAnimalesSalvajes/vendor/laravel/framework/src/Illuminate/Database/Migrations/Migrator.php(165): Illuminate\\Database\\Migrations\\Migrator->runUp()
#13 /var/www/html/laraveles/appAnimalesSalvajes/vendor/laravel/framework/src/Illuminate/Database/Migrations/Migrator.php(110): Illuminate\\Database\\Migrations\\Migrator->runPending()
#14 /var/www/html/laraveles/appAnimalesSalvajes/vendor/laravel/framework/src/Illuminate/Database/Console/Migrations/MigrateCommand.php(85): Illuminate\\Database\\Migrations\\Migrator->run()
#15 /var/www/html/laraveles/appAnimalesSalvajes/vendor/laravel/framework/src/Illuminate/Database/Migrations/Migrator.php(541): Illuminate\\Database\\Console\\Migrations\\MigrateCommand->Illuminate\\Database\\Console\\Migrations\\{closure}()
#16 /var/www/html/laraveles/appAnimalesSalvajes/vendor/laravel/framework/src/Illuminate/Database/Console/Migrations/MigrateCommand.php(94): Illuminate\\Database\\Migrations\\Migrator->usingConnection()
#17 /var/www/html/laraveles/appAnimalesSalvajes/vendor/laravel/framework/src/Illuminate/Container/BoundMethod.php(36): Illuminate\\Database\\Console\\Migrations\\MigrateCommand->handle()
#18 /var/www/html/laraveles/appAnimalesSalvajes/vendor/laravel/framework/src/Illuminate/Container/Util.php(40): Illuminate\\Container\\BoundMethod::Illuminate\\Container\\{closure}()
#19 /var/www/html/laraveles/appAnimalesSalvajes/vendor/laravel/framework/src/Illuminate/Container/BoundMethod.php(93): Illuminate\\Container\\Util::unwrapIfClosure()
#20 /var/www/html/laraveles/appAnimalesSalvajes/vendor/laravel/framework/src/Illuminate/Container/BoundMethod.php(37): Illuminate\\Container\\BoundMethod::callBoundMethod()
#21 /var/www/html/laraveles/appAnimalesSalvajes/vendor/laravel/framework/src/Illuminate/Container/Container.php(610): Illuminate\\Container\\BoundMethod::call()
#22 /var/www/html/laraveles/appAnimalesSalvajes/vendor/laravel/framework/src/Illuminate/Console/Command.php(136): Illuminate\\Container\\Container->call()
#23 /var/www/html/laraveles/appAnimalesSalvajes/vendor/symfony/console/Command/Command.php(256): Illuminate\\Console\\Command->execute()
#24 /var/www/html/laraveles/appAnimalesSalvajes/vendor/laravel/framework/src/Illuminate/Console/Command.php(121): Symfony\\Component\\Console\\Command\\Command->run()
#25 /var/www/html/laraveles/appAnimalesSalvajes/vendor/symfony/console/Application.php(971): Illuminate\\Console\\Command->run()
#26 /var/www/html/laraveles/appAnimalesSalvajes/vendor/symfony/console/Application.php(290): Symfony\\Component\\Console\\Application->doRunCommand()
#27 /var/www/html/laraveles/appAnimalesSalvajes/vendor/symfony/console/Application.php(166): Symfony\\Component\\Console\\Application->doRun()
#28 /var/www/html/laraveles/appAnimalesSalvajes/vendor/laravel/framework/src/Illuminate/Console/Application.php(93): Symfony\\Component\\Console\\Application->run()
#29 /var/www/html/laraveles/appAnimalesSalvajes/vendor/laravel/framework/src/Illuminate/Foundation/Console/Kernel.php(129): Illuminate\\Console\\Application->run()
#30 /var/www/html/laraveles/appAnimalesSalvajes/artisan(37): Illuminate\\Foundation\\Console\\Kernel->handle()
#31 {main}
"} 
[2021-01-27 17:42:59] local.ERROR: SQLSTATE[HY000]: General error: 1215 Cannot add foreign key constraint (SQL: alter table `table__pregunta` add constraint `table__pregunta_idcarta_foreign` foreign key (`idCarta`) references `carta` (`id`)) {"exception":"[object] (Illuminate\\Database\\QueryException(code: HY000): SQLSTATE[HY000]: General error: 1215 Cannot add foreign key constraint (SQL: alter table `table__pregunta` add constraint `table__pregunta_idcarta_foreign` foreign key (`idCarta`) references `carta` (`id`)) at /var/www/html/laraveles/appAnimalesSalvajes/vendor/laravel/framework/src/Illuminate/Database/Connection.php:678)
[stacktrace]
#0 /var/www/html/laraveles/appAnimalesSalvajes/vendor/laravel/framework/src/Illuminate/Database/Connection.php(638): Illuminate\\Database\\Connection->runQueryCallback()
#1 /var/www/html/laraveles/appAnimalesSalvajes/vendor/laravel/framework/src/Illuminate/Database/Connection.php(472): Illuminate\\Database\\Connection->run()
#2 /var/www/html/laraveles/appAnimalesSalvajes/vendor/laravel/framework/src/Illuminate/Database/Schema/Blueprint.php(102): Illuminate\\Database\\Connection->statement()
#3 /var/www/html/laraveles/appAnimalesSalvajes/vendor/laravel/framework/src/Illuminate/Database/Schema/Builder.php(359): Illuminate\\Database\\Schema\\Blueprint->build()
#4 /var/www/html/laraveles/appAnimalesSalvajes/vendor/laravel/framework/src/Illuminate/Database/Schema/Builder.php(222): Illuminate\\Database\\Schema\\Builder->build()
#5 /var/www/html/laraveles/appAnimalesSalvajes/vendor/laravel/framework/src/Illuminate/Support/Facades/Facade.php(261): Illuminate\\Database\\Schema\\Builder->create()
#6 /var/www/html/laraveles/appAnimalesSalvajes/database/migrations/2021_01_27_172951_create_table__pregunta.php(26): Illuminate\\Support\\Facades\\Facade::__callStatic()
#7 /var/www/html/laraveles/appAnimalesSalvajes/vendor/laravel/framework/src/Illuminate/Database/Migrations/Migrator.php(392): CreateTablePregunta->up()
#8 /var/www/html/laraveles/appAnimalesSalvajes/vendor/laravel/framework/src/Illuminate/Database/Migrations/Migrator.php(401): Illuminate\\Database\\Migrations\\Migrator->Illuminate\\Database\\Migrations\\{closure}()
#9 /var/www/html/laraveles/appAnimalesSalvajes/vendor/laravel/framework/src/Illuminate/Database/Migrations/Migrator.php(200): Illuminate\\Database\\Migrations\\Migrator->runMigration()
#10 /var/www/html/laraveles/appAnimalesSalvajes/vendor/laravel/framework/src/Illuminate/Database/Migrations/Migrator.php(165): Illuminate\\Database\\Migrations\\Migrator->runUp()
#11 /var/www/html/laraveles/appAnimalesSalvajes/vendor/laravel/framework/src/Illuminate/Database/Migrations/Migrator.php(110): Illuminate\\Database\\Migrations\\Migrator->runPending()
#12 /var/www/html/laraveles/appAnimalesSalvajes/vendor/laravel/framework/src/Illuminate/Database/Console/Migrations/MigrateCommand.php(85): Illuminate\\Database\\Migrations\\Migrator->run()
#13 /var/www/html/laraveles/appAnimalesSalvajes/vendor/laravel/framework/src/Illuminate/Database/Migrations/Migrator.php(541): Illuminate\\Database\\Console\\Migrations\\MigrateCommand->Illuminate\\Database\\Console\\Migrations\\{closure}()
#14 /var/www/html/laraveles/appAnimalesSalvajes/vendor/laravel/framework/src/Illuminate/Database/Console/Migrations/MigrateCommand.php(94): Illuminate\\Database\\Migrations\\Migrator->usingConnection()
#15 /var/www/html/laraveles/appAnimalesSalvajes/vendor/laravel/framework/src/Illuminate/Container/BoundMethod.php(36): Illuminate\\Database\\Console\\Migrations\\MigrateCommand->handle()
#16 /var/www/html/laraveles/appAnimalesSalvajes/vendor/laravel/framework/src/Illuminate/Container/Util.php(40): Illuminate\\Container\\BoundMethod::Illuminate\\Container\\{closure}()
#17 /var/www/html/laraveles/appAnimalesSalvajes/vendor/laravel/framework/src/Illuminate/Container/BoundMethod.php(93): Illuminate\\Container\\Util::unwrapIfClosure()
#18 /var/www/html/laraveles/appAnimalesSalvajes/vendor/laravel/framework/src/Illuminate/Container/BoundMethod.php(37): Illuminate\\Container\\BoundMethod::callBoundMethod()
#19 /var/www/html/laraveles/appAnimalesSalvajes/vendor/laravel/framework/src/Illuminate/Container/Container.php(610): Illuminate\\Container\\BoundMethod::call()
#20 /var/www/html/laraveles/appAnimalesSalvajes/vendor/laravel/framework/src/Illuminate/Console/Command.php(136): Illuminate\\Container\\Container->call()
#21 /var/www/html/laraveles/appAnimalesSalvajes/vendor/symfony/console/Command/Command.php(256): Illuminate\\Console\\Command->execute()
#22 /var/www/html/laraveles/appAnimalesSalvajes/vendor/laravel/framework/src/Illuminate/Console/Command.php(121): Symfony\\Component\\Console\\Command\\Command->run()
#23 /var/www/html/laraveles/appAnimalesSalvajes/vendor/symfony/console/Application.php(971): Illuminate\\Console\\Command->run()
#24 /var/www/html/laraveles/appAnimalesSalvajes/vendor/symfony/console/Application.php(290): Symfony\\Component\\Console\\Application->doRunCommand()
#25 /var/www/html/laraveles/appAnimalesSalvajes/vendor/symfony/console/Application.php(166): Symfony\\Component\\Console\\Application->doRun()
#26 /var/www/html/laraveles/appAnimalesSalvajes/vendor/laravel/framework/src/Illuminate/Console/Application.php(93): Symfony\\Component\\Console\\Application->run()
#27 /var/www/html/laraveles/appAnimalesSalvajes/vendor/laravel/framework/src/Illuminate/Foundation/Console/Kernel.php(129): Illuminate\\Console\\Application->run()
#28 /var/www/html/laraveles/appAnimalesSalvajes/artisan(37): Illuminate\\Foundation\\Console\\Kernel->handle()
#29 {main}

[previous exception] [object] (PDOException(code: HY000): SQLSTATE[HY000]: General error: 1215 Cannot add foreign key constraint at /var/www/html/laraveles/appAnimalesSalvajes/vendor/laravel/framework/src/Illuminate/Database/Connection.php:471)
[stacktrace]
#0 /var/www/html/laraveles/appAnimalesSalvajes/vendor/laravel/framework/src/Illuminate/Database/Connection.php(471): PDOStatement->execute()
#1 /var/www/html/laraveles/appAnimalesSalvajes/vendor/laravel/framework/src/Illuminate/Database/Connection.php(671): Illuminate\\Database\\Connection->Illuminate\\Database\\{closure}()
#2 /var/www/html/laraveles/appAnimalesSalvajes/vendor/laravel/framework/src/Illuminate/Database/Connection.php(638): Illuminate\\Database\\Connection->runQueryCallback()
#3 /var/www/html/laraveles/appAnimalesSalvajes/vendor/laravel/framework/src/Illuminate/Database/Connection.php(472): Illuminate\\Database\\Connection->run()
#4 /var/www/html/laraveles/appAnimalesSalvajes/vendor/laravel/framework/src/Illuminate/Database/Schema/Blueprint.php(102): Illuminate\\Database\\Connection->statement()
#5 /var/www/html/laraveles/appAnimalesSalvajes/vendor/laravel/framework/src/Illuminate/Database/Schema/Builder.php(359): Illuminate\\Database\\Schema\\Blueprint->build()
#6 /var/www/html/laraveles/appAnimalesSalvajes/vendor/laravel/framework/src/Illuminate/Database/Schema/Builder.php(222): Illuminate\\Database\\Schema\\Builder->build()
#7 /var/www/html/laraveles/appAnimalesSalvajes/vendor/laravel/framework/src/Illuminate/Support/Facades/Facade.php(261): Illuminate\\Database\\Schema\\Builder->create()
#8 /var/www/html/laraveles/appAnimalesSalvajes/database/migrations/2021_01_27_172951_create_table__pregunta.php(26): Illuminate\\Support\\Facades\\Facade::__callStatic()
#9 /var/www/html/laraveles/appAnimalesSalvajes/vendor/laravel/framework/src/Illuminate/Database/Migrations/Migrator.php(392): CreateTablePregunta->up()
#10 /var/www/html/laraveles/appAnimalesSalvajes/vendor/laravel/framework/src/Illuminate/Database/Migrations/Migrator.php(401): Illuminate\\Database\\Migrations\\Migrator->Illuminate\\Database\\Migrations\\{closure}()
#11 /var/www/html/laraveles/appAnimalesSalvajes/vendor/laravel/framework/src/Illuminate/Database/Migrations/Migrator.php(200): Illuminate\\Database\\Migrations\\Migrator->runMigration()
#12 /var/www/html/laraveles/appAnimalesSalvajes/vendor/laravel/framework/src/Illuminate/Database/Migrations/Migrator.php(165): Illuminate\\Database\\Migrations\\Migrator->runUp()
#13 /var/www/html/laraveles/appAnimalesSalvajes/vendor/laravel/framework/src/Illuminate/Database/Migrations/Migrator.php(110): Illuminate\\Database\\Migrations\\Migrator->runPending()
#14 /var/www/html/laraveles/appAnimalesSalvajes/vendor/laravel/framework/src/Illuminate/Database/Console/Migrations/MigrateCommand.php(85): Illuminate\\Database\\Migrations\\Migrator->run()
#15 /var/www/html/laraveles/appAnimalesSalvajes/vendor/laravel/framework/src/Illuminate/Database/Migrations/Migrator.php(541): Illuminate\\Database\\Console\\Migrations\\MigrateCommand->Illuminate\\Database\\Console\\Migrations\\{closure}()
#16 /var/www/html/laraveles/appAnimalesSalvajes/vendor/laravel/framework/src/Illuminate/Database/Console/Migrations/MigrateCommand.php(94): Illuminate\\Database\\Migrations\\Migrator->usingConnection()
#17 /var/www/html/laraveles/appAnimalesSalvajes/vendor/laravel/framework/src/Illuminate/Container/BoundMethod.php(36): Illuminate\\Database\\Console\\Migrations\\MigrateCommand->handle()
#18 /var/www/html/laraveles/appAnimalesSalvajes/vendor/laravel/framework/src/Illuminate/Container/Util.php(40): Illuminate\\Container\\BoundMethod::Illuminate\\Container\\{closure}()
#19 /var/www/html/laraveles/appAnimalesSalvajes/vendor/laravel/framework/src/Illuminate/Container/BoundMethod.php(93): Illuminate\\Container\\Util::unwrapIfClosure()
#20 /var/www/html/laraveles/appAnimalesSalvajes/vendor/laravel/framework/src/Illuminate/Container/BoundMethod.php(37): Illuminate\\Container\\BoundMethod::callBoundMethod()
#21 /var/www/html/laraveles/appAnimalesSalvajes/vendor/laravel/framework/src/Illuminate/Container/Container.php(610): Illuminate\\Container\\BoundMethod::call()
#22 /var/www/html/laraveles/appAnimalesSalvajes/vendor/laravel/framework/src/Illuminate/Console/Command.php(136): Illuminate\\Container\\Container->call()
#23 /var/www/html/laraveles/appAnimalesSalvajes/vendor/symfony/console/Command/Command.php(256): Illuminate\\Console\\Command->execute()
#24 /var/www/html/laraveles/appAnimalesSalvajes/vendor/laravel/framework/src/Illuminate/Console/Command.php(121): Symfony\\Component\\Console\\Command\\Command->run()
#25 /var/www/html/laraveles/appAnimalesSalvajes/vendor/symfony/console/Application.php(971): Illuminate\\Console\\Command->run()
#26 /var/www/html/laraveles/appAnimalesSalvajes/vendor/symfony/console/Application.php(290): Symfony\\Component\\Console\\Application->doRunCommand()
#27 /var/www/html/laraveles/appAnimalesSalvajes/vendor/symfony/console/Application.php(166): Symfony\\Component\\Console\\Application->doRun()
#28 /var/www/html/laraveles/appAnimalesSalvajes/vendor/laravel/framework/src/Illuminate/Console/Application.php(93): Symfony\\Component\\Console\\Application->run()
#29 /var/www/html/laraveles/appAnimalesSalvajes/vendor/laravel/framework/src/Illuminate/Foundation/Console/Kernel.php(129): Illuminate\\Console\\Application->run()
#30 /var/www/html/laraveles/appAnimalesSalvajes/artisan(37): Illuminate\\Foundation\\Console\\Kernel->handle()
#31 {main}
"} 
[2021-01-27 18:16:31] local.ERROR: Target class [PreguntaController] does not exist. {"exception":"[object] (Illuminate\\Contracts\\Container\\BindingResolutionException(code: 0): Target class [PreguntaController] does not exist. at /var/www/html/laraveles/appAnimalesSalvajes/vendor/laravel/framework/src/Illuminate/Container/Container.php:832)
[stacktrace]
#0 /var/www/html/laraveles/appAnimalesSalvajes/vendor/laravel/framework/src/Illuminate/Container/Container.php(712): Illuminate\\Container\\Container->build()
#1 /var/www/html/laraveles/appAnimalesSalvajes/vendor/laravel/framework/src/Illuminate/Foundation/Application.php(826): Illuminate\\Container\\Container->resolve()
#2 /var/www/html/laraveles/appAnimalesSalvajes/vendor/laravel/framework/src/Illuminate/Container/Container.php(651): Illuminate\\Foundation\\Application->resolve()
#3 /var/www/html/laraveles/appAnimalesSalvajes/vendor/laravel/framework/src/Illuminate/Foundation/Application.php(811): Illuminate\\Container\\Container->make()
#4 /var/www/html/laraveles/appAnimalesSalvajes/vendor/laravel/framework/src/Illuminate/Routing/Route.php(268): Illuminate\\Foundation\\Application->make()
#5 /var/www/html/laraveles/appAnimalesSalvajes/vendor/laravel/framework/src/Illuminate/Routing/Route.php(989): Illuminate\\Routing\\Route->getController()
#6 /var/www/html/laraveles/appAnimalesSalvajes/vendor/laravel/framework/src/Illuminate/Routing/Route.php(950): Illuminate\\Routing\\Route->controllerMiddleware()
#7 /var/www/html/laraveles/appAnimalesSalvajes/vendor/laravel/framework/src/Illuminate/Routing/Router.php(710): Illuminate\\Routing\\Route->gatherMiddleware()
#8 /var/www/html/laraveles/appAnimalesSalvajes/vendor/laravel/framework/src/Illuminate/Routing/Router.php(686): Illuminate\\Routing\\Router->gatherRouteMiddleware()
#9 /var/www/html/laraveles/appAnimalesSalvajes/vendor/laravel/framework/src/Illuminate/Routing/Router.php(670): Illuminate\\Routing\\Router->runRouteWithinStack()
#10 /var/www/html/laraveles/appAnimalesSalvajes/vendor/laravel/framework/src/Illuminate/Routing/Router.php(636): Illuminate\\Routing\\Router->runRoute()
#11 /var/www/html/laraveles/appAnimalesSalvajes/vendor/laravel/framework/src/Illuminate/Routing/Router.php(625): Illuminate\\Routing\\Router->dispatchToRoute()
#12 /var/www/html/laraveles/appAnimalesSalvajes/vendor/laravel/framework/src/Illuminate/Foundation/Http/Kernel.php(166): Illuminate\\Routing\\Router->dispatch()
#13 /var/www/html/laraveles/appAnimalesSalvajes/vendor/laravel/framework/src/Illuminate/Pipeline/Pipeline.php(128): Illuminate\\Foundation\\Http\\Kernel->Illuminate\\Foundation\\Http\\{closure}()
#14 /var/www/html/laraveles/appAnimalesSalvajes/vendor/laravel/framework/src/Illuminate/Foundation/Http/Middleware/TransformsRequest.php(21): Illuminate\\Pipeline\\Pipeline->Illuminate\\Pipeline\\{closure}()
#15 /var/www/html/laraveles/appAnimalesSalvajes/vendor/laravel/framework/src/Illuminate/Pipeline/Pipeline.php(167): Illuminate\\Foundation\\Http\\Middleware\\TransformsRequest->handle()
#16 /var/www/html/laraveles/appAnimalesSalvajes/vendor/laravel/framework/src/Illuminate/Foundation/Http/Middleware/TransformsRequest.php(21): Illuminate\\Pipeline\\Pipeline->Illuminate\\Pipeline\\{closure}()
#17 /var/www/html/laraveles/appAnimalesSalvajes/vendor/laravel/framework/src/Illuminate/Pipeline/Pipeline.php(167): Illuminate\\Foundation\\Http\\Middleware\\TransformsRequest->handle()
#18 /var/www/html/laraveles/appAnimalesSalvajes/vendor/laravel/framework/src/Illuminate/Foundation/Http/Middleware/ValidatePostSize.php(27): Illuminate\\Pipeline\\Pipeline->Illuminate\\Pipeline\\{closure}()
#19 /var/www/html/laraveles/appAnimalesSalvajes/vendor/laravel/framework/src/Illuminate/Pipeline/Pipeline.php(167): Illuminate\\Foundation\\Http\\Middleware\\ValidatePostSize->handle()
#20 /var/www/html/laraveles/appAnimalesSalvajes/vendor/laravel/framework/src/Illuminate/Foundation/Http/Middleware/PreventRequestsDuringMaintenance.php(86): Illuminate\\Pipeline\\Pipeline->Illuminate\\Pipeline\\{closure}()
#21 /var/www/html/laraveles/appAnimalesSalvajes/vendor/laravel/framework/src/Illuminate/Pipeline/Pipeline.php(167): Illuminate\\Foundation\\Http\\Middleware\\PreventRequestsDuringMaintenance->handle()
#22 /var/www/html/laraveles/appAnimalesSalvajes/vendor/fruitcake/laravel-cors/src/HandleCors.php(57): Illuminate\\Pipeline\\Pipeline->Illuminate\\Pipeline\\{closure}()
#23 /var/www/html/laraveles/appAnimalesSalvajes/vendor/laravel/framework/src/Illuminate/Pipeline/Pipeline.php(167): Fruitcake\\Cors\\HandleCors->handle()
#24 /var/www/html/laraveles/appAnimalesSalvajes/vendor/fideloper/proxy/src/TrustProxies.php(57): Illuminate\\Pipeline\\Pipeline->Illuminate\\Pipeline\\{closure}()
#25 /var/www/html/laraveles/appAnimalesSalvajes/vendor/laravel/framework/src/Illuminate/Pipeline/Pipeline.php(167): Fideloper\\Proxy\\TrustProxies->handle()
#26 /var/www/html/laraveles/appAnimalesSalvajes/vendor/laravel/framework/src/Illuminate/Pipeline/Pipeline.php(103): Illuminate\\Pipeline\\Pipeline->Illuminate\\Pipeline\\{closure}()
#27 /var/www/html/laraveles/appAnimalesSalvajes/vendor/laravel/framework/src/Illuminate/Foundation/Http/Kernel.php(141): Illuminate\\Pipeline\\Pipeline->then()
#28 /var/www/html/laraveles/appAnimalesSalvajes/vendor/laravel/framework/src/Illuminate/Foundation/Http/Kernel.php(110): Illuminate\\Foundation\\Http\\Kernel->sendRequestThroughRouter()
#29 /var/www/html/laraveles/appAnimalesSalvajes/public/index.php(52): Illuminate\\Foundation\\Http\\Kernel->handle()
#30 {main}

[previous exception] [object] (ReflectionException(code: -1): Class PreguntaController does not exist at /var/www/html/laraveles/appAnimalesSalvajes/vendor/laravel/framework/src/Illuminate/Container/Container.php:830)
[stacktrace]
#0 /var/www/html/laraveles/appAnimalesSalvajes/vendor/laravel/framework/src/Illuminate/Container/Container.php(830): ReflectionClass->__construct()
#1 /var/www/html/laraveles/appAnimalesSalvajes/vendor/laravel/framework/src/Illuminate/Container/Container.php(712): Illuminate\\Container\\Container->build()
#2 /var/www/html/laraveles/appAnimalesSalvajes/vendor/laravel/framework/src/Illuminate/Foundation/Application.php(826): Illuminate\\Container\\Container->resolve()
#3 /var/www/html/laraveles/appAnimalesSalvajes/vendor/laravel/framework/src/Illuminate/Container/Container.php(651): Illuminate\\Foundation\\Application->resolve()
#4 /var/www/html/laraveles/appAnimalesSalvajes/vendor/laravel/framework/src/Illuminate/Foundation/Application.php(811): Illuminate\\Container\\Container->make()
#5 /var/www/html/laraveles/appAnimalesSalvajes/vendor/laravel/framework/src/Illuminate/Routing/Route.php(268): Illuminate\\Foundation\\Application->make()
#6 /var/www/html/laraveles/appAnimalesSalvajes/vendor/laravel/framework/src/Illuminate/Routing/Route.php(989): Illuminate\\Routing\\Route->getController()
#7 /var/www/html/laraveles/appAnimalesSalvajes/vendor/laravel/framework/src/Illuminate/Routing/Route.php(950): Illuminate\\Routing\\Route->controllerMiddleware()
#8 /var/www/html/laraveles/appAnimalesSalvajes/vendor/laravel/framework/src/Illuminate/Routing/Router.php(710): Illuminate\\Routing\\Route->gatherMiddleware()
#9 /var/www/html/laraveles/appAnimalesSalvajes/vendor/laravel/framework/src/Illuminate/Routing/Router.php(686): Illuminate\\Routing\\Router->gatherRouteMiddleware()
#10 /var/www/html/laraveles/appAnimalesSalvajes/vendor/laravel/framework/src/Illuminate/Routing/Router.php(670): Illuminate\\Routing\\Router->runRouteWithinStack()
#11 /var/www/html/laraveles/appAnimalesSalvajes/vendor/laravel/framework/src/Illuminate/Routing/Router.php(636): Illuminate\\Routing\\Router->runRoute()
#12 /var/www/html/laraveles/appAnimalesSalvajes/vendor/laravel/framework/src/Illuminate/Routing/Router.php(625): Illuminate\\Routing\\Router->dispatchToRoute()
#13 /var/www/html/laraveles/appAnimalesSalvajes/vendor/laravel/framework/src/Illuminate/Foundation/Http/Kernel.php(166): Illuminate\\Routing\\Router->dispatch()
#14 /var/www/html/laraveles/appAnimalesSalvajes/vendor/laravel/framework/src/Illuminate/Pipeline/Pipeline.php(128): Illuminate\\Foundation\\Http\\Kernel->Illuminate\\Foundation\\Http\\{closure}()
#15 /var/www/html/laraveles/appAnimalesSalvajes/vendor/laravel/framework/src/Illuminate/Foundation/Http/Middleware/TransformsRequest.php(21): Illuminate\\Pipeline\\Pipeline->Illuminate\\Pipeline\\{closure}()
#16 /var/www/html/laraveles/appAnimalesSalvajes/vendor/laravel/framework/src/Illuminate/Pipeline/Pipeline.php(167): Illuminate\\Foundation\\Http\\Middleware\\TransformsRequest->handle()
#17 /var/www/html/laraveles/appAnimalesSalvajes/vendor/laravel/framework/src/Illuminate/Foundation/Http/Middleware/TransformsRequest.php(21): Illuminate\\Pipeline\\Pipeline->Illuminate\\Pipeline\\{closure}()
#18 /var/www/html/laraveles/appAnimalesSalvajes/vendor/laravel/framework/src/Illuminate/Pipeline/Pipeline.php(167): Illuminate\\Foundation\\Http\\Middleware\\TransformsRequest->handle()
#19 /var/www/html/laraveles/appAnimalesSalvajes/vendor/laravel/framework/src/Illuminate/Foundation/Http/Middleware/ValidatePostSize.php(27): Illuminate\\Pipeline\\Pipeline->Illuminate\\Pipeline\\{closure}()
#20 /var/www/html/laraveles/appAnimalesSalvajes/vendor/laravel/framework/src/Illuminate/Pipeline/Pipeline.php(167): Illuminate\\Foundation\\Http\\Middleware\\ValidatePostSize->handle()
#21 /var/www/html/laraveles/appAnimalesSalvajes/vendor/laravel/framework/src/Illuminate/Foundation/Http/Middleware/PreventRequestsDuringMaintenance.php(86): Illuminate\\Pipeline\\Pipeline->Illuminate\\Pipeline\\{closure}()
#22 /var/www/html/laraveles/appAnimalesSalvajes/vendor/laravel/framework/src/Illuminate/Pipeline/Pipeline.php(167): Illuminate\\Foundation\\Http\\Middleware\\PreventRequestsDuringMaintenance->handle()
#23 /var/www/html/laraveles/appAnimalesSalvajes/vendor/fruitcake/laravel-cors/src/HandleCors.php(57): Illuminate\\Pipeline\\Pipeline->Illuminate\\Pipeline\\{closure}()
#24 /var/www/html/laraveles/appAnimalesSalvajes/vendor/laravel/framework/src/Illuminate/Pipeline/Pipeline.php(167): Fruitcake\\Cors\\HandleCors->handle()
#25 /var/www/html/laraveles/appAnimalesSalvajes/vendor/fideloper/proxy/src/TrustProxies.php(57): Illuminate\\Pipeline\\Pipeline->Illuminate\\Pipeline\\{closure}()
#26 /var/www/html/laraveles/appAnimalesSalvajes/vendor/laravel/framework/src/Illuminate/Pipeline/Pipeline.php(167): Fideloper\\Proxy\\TrustProxies->handle()
#27 /var/www/html/laraveles/appAnimalesSalvajes/vendor/laravel/framework/src/Illuminate/Pipeline/Pipeline.php(103): Illuminate\\Pipeline\\Pipeline->Illuminate\\Pipeline\\{closure}()
#28 /var/www/html/laraveles/appAnimalesSalvajes/vendor/laravel/framework/src/Illuminate/Foundation/Http/Kernel.php(141): Illuminate\\Pipeline\\Pipeline->then()
#29 /var/www/html/laraveles/appAnimalesSalvajes/vendor/laravel/framework/src/Illuminate/Foundation/Http/Kernel.php(110): Illuminate\\Foundation\\Http\\Kernel->sendRequestThroughRouter()
#30 /var/www/html/laraveles/appAnimalesSalvajes/public/index.php(52): Illuminate\\Foundation\\Http\\Kernel->handle()
#31 {main}
"} 
[2021-01-27 18:16:47] local.ERROR: Undefined class constant 'all' {"exception":"[object] (Error(code: 0): Undefined class constant 'all' at /var/www/html/laraveles/appAnimalesSalvajes/app/Http/Controllers/PreguntaController.php:13)
[stacktrace]
#0 /var/www/html/laraveles/appAnimalesSalvajes/vendor/laravel/framework/src/Illuminate/Routing/Controller.php(54): App\\Http\\Controllers\\PreguntaController->index()
#1 /var/www/html/laraveles/appAnimalesSalvajes/vendor/laravel/framework/src/Illuminate/Routing/ControllerDispatcher.php(45): Illuminate\\Routing\\Controller->callAction()
#2 /var/www/html/laraveles/appAnimalesSalvajes/vendor/laravel/framework/src/Illuminate/Routing/Route.php(254): Illuminate\\Routing\\ControllerDispatcher->dispatch()
#3 /var/www/html/laraveles/appAnimalesSalvajes/vendor/laravel/framework/src/Illuminate/Routing/Route.php(197): Illuminate\\Routing\\Route->runController()
#4 /var/www/html/laraveles/appAnimalesSalvajes/vendor/laravel/framework/src/Illuminate/Routing/Router.php(693): Illuminate\\Routing\\Route->run()
#5 /var/www/html/laraveles/appAnimalesSalvajes/vendor/laravel/framework/src/Illuminate/Pipeline/Pipeline.php(128): Illuminate\\Routing\\Router->Illuminate\\Routing\\{closure}()
#6 /var/www/html/laraveles/appAnimalesSalvajes/vendor/laravel/framework/src/Illuminate/Routing/Middleware/SubstituteBindings.php(41): Illuminate\\Pipeline\\Pipeline->Illuminate\\Pipeline\\{closure}()
#7 /var/www/html/laraveles/appAnimalesSalvajes/vendor/laravel/framework/src/Illuminate/Pipeline/Pipeline.php(167): Illuminate\\Routing\\Middleware\\SubstituteBindings->handle()
#8 /var/www/html/laraveles/appAnimalesSalvajes/vendor/laravel/framework/src/Illuminate/Routing/Middleware/ThrottleRequests.php(127): Illuminate\\Pipeline\\Pipeline->Illuminate\\Pipeline\\{closure}()
#9 /var/www/html/laraveles/appAnimalesSalvajes/vendor/laravel/framework/src/Illuminate/Routing/Middleware/ThrottleRequests.php(103): Illuminate\\Routing\\Middleware\\ThrottleRequests->handleRequest()
#10 /var/www/html/laraveles/appAnimalesSalvajes/vendor/laravel/framework/src/Illuminate/Routing/Middleware/ThrottleRequests.php(55): Illuminate\\Routing\\Middleware\\ThrottleRequests->handleRequestUsingNamedLimiter()
#11 /var/www/html/laraveles/appAnimalesSalvajes/vendor/laravel/framework/src/Illuminate/Pipeline/Pipeline.php(167): Illuminate\\Routing\\Middleware\\ThrottleRequests->handle()
#12 /var/www/html/laraveles/appAnimalesSalvajes/vendor/laravel/framework/src/Illuminate/Pipeline/Pipeline.php(103): Illuminate\\Pipeline\\Pipeline->Illuminate\\Pipeline\\{closure}()
#13 /var/www/html/laraveles/appAnimalesSalvajes/vendor/laravel/framework/src/Illuminate/Routing/Router.php(695): Illuminate\\Pipeline\\Pipeline->then()
#14 /var/www/html/laraveles/appAnimalesSalvajes/vendor/laravel/framework/src/Illuminate/Routing/Router.php(670): Illuminate\\Routing\\Router->runRouteWithinStack()
#15 /var/www/html/laraveles/appAnimalesSalvajes/vendor/laravel/framework/src/Illuminate/Routing/Router.php(636): Illuminate\\Routing\\Router->runRoute()
#16 /var/www/html/laraveles/appAnimalesSalvajes/vendor/laravel/framework/src/Illuminate/Routing/Router.php(625): Illuminate\\Routing\\Router->dispatchToRoute()
#17 /var/www/html/laraveles/appAnimalesSalvajes/vendor/laravel/framework/src/Illuminate/Foundation/Http/Kernel.php(166): Illuminate\\Routing\\Router->dispatch()
#18 /var/www/html/laraveles/appAnimalesSalvajes/vendor/laravel/framework/src/Illuminate/Pipeline/Pipeline.php(128): Illuminate\\Foundation\\Http\\Kernel->Illuminate\\Foundation\\Http\\{closure}()
#19 /var/www/html/laraveles/appAnimalesSalvajes/vendor/laravel/framework/src/Illuminate/Foundation/Http/Middleware/TransformsRequest.php(21): Illuminate\\Pipeline\\Pipeline->Illuminate\\Pipeline\\{closure}()
#20 /var/www/html/laraveles/appAnimalesSalvajes/vendor/laravel/framework/src/Illuminate/Pipeline/Pipeline.php(167): Illuminate\\Foundation\\Http\\Middleware\\TransformsRequest->handle()
#21 /var/www/html/laraveles/appAnimalesSalvajes/vendor/laravel/framework/src/Illuminate/Foundation/Http/Middleware/TransformsRequest.php(21): Illuminate\\Pipeline\\Pipeline->Illuminate\\Pipeline\\{closure}()
#22 /var/www/html/laraveles/appAnimalesSalvajes/vendor/laravel/framework/src/Illuminate/Pipeline/Pipeline.php(167): Illuminate\\Foundation\\Http\\Middleware\\TransformsRequest->handle()
#23 /var/www/html/laraveles/appAnimalesSalvajes/vendor/laravel/framework/src/Illuminate/Foundation/Http/Middleware/ValidatePostSize.php(27): Illuminate\\Pipeline\\Pipeline->Illuminate\\Pipeline\\{closure}()
#24 /var/www/html/laraveles/appAnimalesSalvajes/vendor/laravel/framework/src/Illuminate/Pipeline/Pipeline.php(167): Illuminate\\Foundation\\Http\\Middleware\\ValidatePostSize->handle()
#25 /var/www/html/laraveles/appAnimalesSalvajes/vendor/laravel/framework/src/Illuminate/Foundation/Http/Middleware/PreventRequestsDuringMaintenance.php(86): Illuminate\\Pipeline\\Pipeline->Illuminate\\Pipeline\\{closure}()
#26 /var/www/html/laraveles/appAnimalesSalvajes/vendor/laravel/framework/src/Illuminate/Pipeline/Pipeline.php(167): Illuminate\\Foundation\\Http\\Middleware\\PreventRequestsDuringMaintenance->handle()
#27 /var/www/html/laraveles/appAnimalesSalvajes/vendor/fruitcake/laravel-cors/src/HandleCors.php(57): Illuminate\\Pipeline\\Pipeline->Illuminate\\Pipeline\\{closure}()
#28 /var/www/html/laraveles/appAnimalesSalvajes/vendor/laravel/framework/src/Illuminate/Pipeline/Pipeline.php(167): Fruitcake\\Cors\\HandleCors->handle()
#29 /var/www/html/laraveles/appAnimalesSalvajes/vendor/fideloper/proxy/src/TrustProxies.php(57): Illuminate\\Pipeline\\Pipeline->Illuminate\\Pipeline\\{closure}()
#30 /var/www/html/laraveles/appAnimalesSalvajes/vendor/laravel/framework/src/Illuminate/Pipeline/Pipeline.php(167): Fideloper\\Proxy\\TrustProxies->handle()
#31 /var/www/html/laraveles/appAnimalesSalvajes/vendor/laravel/framework/src/Illuminate/Pipeline/Pipeline.php(103): Illuminate\\Pipeline\\Pipeline->Illuminate\\Pipeline\\{closure}()
#32 /var/www/html/laraveles/appAnimalesSalvajes/vendor/laravel/framework/src/Illuminate/Foundation/Http/Kernel.php(141): Illuminate\\Pipeline\\Pipeline->then()
#33 /var/www/html/laraveles/appAnimalesSalvajes/vendor/laravel/framework/src/Illuminate/Foundation/Http/Kernel.php(110): Illuminate\\Foundation\\Http\\Kernel->sendRequestThroughRouter()
#34 /var/www/html/laraveles/appAnimalesSalvajes/public/index.php(52): Illuminate\\Foundation\\Http\\Kernel->handle()
#35 {main}
"} 
[2021-01-27 18:22:35] local.ERROR: Property [preguntas] does not exist on this collection instance. {"exception":"[object] (Exception(code: 0): Property [preguntas] does not exist on this collection instance. at /var/www/html/laraveles/appAnimalesSalvajes/vendor/laravel/framework/src/Illuminate/Collections/Traits/EnumeratesValues.php:901)
[stacktrace]
#0 /var/www/html/laraveles/appAnimalesSalvajes/app/Http/Controllers/CartaController.php(14): Illuminate\\Support\\Collection->__get()
#1 /var/www/html/laraveles/appAnimalesSalvajes/vendor/laravel/framework/src/Illuminate/Routing/Controller.php(54): App\\Http\\Controllers\\CartaController->index()
#2 /var/www/html/laraveles/appAnimalesSalvajes/vendor/laravel/framework/src/Illuminate/Routing/ControllerDispatcher.php(45): Illuminate\\Routing\\Controller->callAction()
#3 /var/www/html/laraveles/appAnimalesSalvajes/vendor/laravel/framework/src/Illuminate/Routing/Route.php(254): Illuminate\\Routing\\ControllerDispatcher->dispatch()
#4 /var/www/html/laraveles/appAnimalesSalvajes/vendor/laravel/framework/src/Illuminate/Routing/Route.php(197): Illuminate\\Routing\\Route->runController()
#5 /var/www/html/laraveles/appAnimalesSalvajes/vendor/laravel/framework/src/Illuminate/Routing/Router.php(693): Illuminate\\Routing\\Route->run()
#6 /var/www/html/laraveles/appAnimalesSalvajes/vendor/laravel/framework/src/Illuminate/Pipeline/Pipeline.php(128): Illuminate\\Routing\\Router->Illuminate\\Routing\\{closure}()
#7 /var/www/html/laraveles/appAnimalesSalvajes/vendor/laravel/framework/src/Illuminate/Routing/Middleware/SubstituteBindings.php(41): Illuminate\\Pipeline\\Pipeline->Illuminate\\Pipeline\\{closure}()
#8 /var/www/html/laraveles/appAnimalesSalvajes/vendor/laravel/framework/src/Illuminate/Pipeline/Pipeline.php(167): Illuminate\\Routing\\Middleware\\SubstituteBindings->handle()
#9 /var/www/html/laraveles/appAnimalesSalvajes/vendor/laravel/framework/src/Illuminate/Routing/Middleware/ThrottleRequests.php(127): Illuminate\\Pipeline\\Pipeline->Illuminate\\Pipeline\\{closure}()
#10 /var/www/html/laraveles/appAnimalesSalvajes/vendor/laravel/framework/src/Illuminate/Routing/Middleware/ThrottleRequests.php(103): Illuminate\\Routing\\Middleware\\ThrottleRequests->handleRequest()
#11 /var/www/html/laraveles/appAnimalesSalvajes/vendor/laravel/framework/src/Illuminate/Routing/Middleware/ThrottleRequests.php(55): Illuminate\\Routing\\Middleware\\ThrottleRequests->handleRequestUsingNamedLimiter()
#12 /var/www/html/laraveles/appAnimalesSalvajes/vendor/laravel/framework/src/Illuminate/Pipeline/Pipeline.php(167): Illuminate\\Routing\\Middleware\\ThrottleRequests->handle()
#13 /var/www/html/laraveles/appAnimalesSalvajes/vendor/laravel/framework/src/Illuminate/Pipeline/Pipeline.php(103): Illuminate\\Pipeline\\Pipeline->Illuminate\\Pipeline\\{closure}()
#14 /var/www/html/laraveles/appAnimalesSalvajes/vendor/laravel/framework/src/Illuminate/Routing/Router.php(695): Illuminate\\Pipeline\\Pipeline->then()
#15 /var/www/html/laraveles/appAnimalesSalvajes/vendor/laravel/framework/src/Illuminate/Routing/Router.php(670): Illuminate\\Routing\\Router->runRouteWithinStack()
#16 /var/www/html/laraveles/appAnimalesSalvajes/vendor/laravel/framework/src/Illuminate/Routing/Router.php(636): Illuminate\\Routing\\Router->runRoute()
#17 /var/www/html/laraveles/appAnimalesSalvajes/vendor/laravel/framework/src/Illuminate/Routing/Router.php(625): Illuminate\\Routing\\Router->dispatchToRoute()
#18 /var/www/html/laraveles/appAnimalesSalvajes/vendor/laravel/framework/src/Illuminate/Foundation/Http/Kernel.php(166): Illuminate\\Routing\\Router->dispatch()
#19 /var/www/html/laraveles/appAnimalesSalvajes/vendor/laravel/framework/src/Illuminate/Pipeline/Pipeline.php(128): Illuminate\\Foundation\\Http\\Kernel->Illuminate\\Foundation\\Http\\{closure}()
#20 /var/www/html/laraveles/appAnimalesSalvajes/vendor/laravel/framework/src/Illuminate/Foundation/Http/Middleware/TransformsRequest.php(21): Illuminate\\Pipeline\\Pipeline->Illuminate\\Pipeline\\{closure}()
#21 /var/www/html/laraveles/appAnimalesSalvajes/vendor/laravel/framework/src/Illuminate/Pipeline/Pipeline.php(167): Illuminate\\Foundation\\Http\\Middleware\\TransformsRequest->handle()
#22 /var/www/html/laraveles/appAnimalesSalvajes/vendor/laravel/framework/src/Illuminate/Foundation/Http/Middleware/TransformsRequest.php(21): Illuminate\\Pipeline\\Pipeline->Illuminate\\Pipeline\\{closure}()
#23 /var/www/html/laraveles/appAnimalesSalvajes/vendor/laravel/framework/src/Illuminate/Pipeline/Pipeline.php(167): Illuminate\\Foundation\\Http\\Middleware\\TransformsRequest->handle()
#24 /var/www/html/laraveles/appAnimalesSalvajes/vendor/laravel/framework/src/Illuminate/Foundation/Http/Middleware/ValidatePostSize.php(27): Illuminate\\Pipeline\\Pipeline->Illuminate\\Pipeline\\{closure}()
#25 /var/www/html/laraveles/appAnimalesSalvajes/vendor/laravel/framework/src/Illuminate/Pipeline/Pipeline.php(167): Illuminate\\Foundation\\Http\\Middleware\\ValidatePostSize->handle()
#26 /var/www/html/laraveles/appAnimalesSalvajes/vendor/laravel/framework/src/Illuminate/Foundation/Http/Middleware/PreventRequestsDuringMaintenance.php(86): Illuminate\\Pipeline\\Pipeline->Illuminate\\Pipeline\\{closure}()
#27 /var/www/html/laraveles/appAnimalesSalvajes/vendor/laravel/framework/src/Illuminate/Pipeline/Pipeline.php(167): Illuminate\\Foundation\\Http\\Middleware\\PreventRequestsDuringMaintenance->handle()
#28 /var/www/html/laraveles/appAnimalesSalvajes/vendor/fruitcake/laravel-cors/src/HandleCors.php(57): Illuminate\\Pipeline\\Pipeline->Illuminate\\Pipeline\\{closure}()
#29 /var/www/html/laraveles/appAnimalesSalvajes/vendor/laravel/framework/src/Illuminate/Pipeline/Pipeline.php(167): Fruitcake\\Cors\\HandleCors->handle()
#30 /var/www/html/laraveles/appAnimalesSalvajes/vendor/fideloper/proxy/src/TrustProxies.php(57): Illuminate\\Pipeline\\Pipeline->Illuminate\\Pipeline\\{closure}()
#31 /var/www/html/laraveles/appAnimalesSalvajes/vendor/laravel/framework/src/Illuminate/Pipeline/Pipeline.php(167): Fideloper\\Proxy\\TrustProxies->handle()
#32 /var/www/html/laraveles/appAnimalesSalvajes/vendor/laravel/framework/src/Illuminate/Pipeline/Pipeline.php(103): Illuminate\\Pipeline\\Pipeline->Illuminate\\Pipeline\\{closure}()
#33 /var/www/html/laraveles/appAnimalesSalvajes/vendor/laravel/framework/src/Illuminate/Foundation/Http/Kernel.php(141): Illuminate\\Pipeline\\Pipeline->then()
#34 /var/www/html/laraveles/appAnimalesSalvajes/vendor/laravel/framework/src/Illuminate/Foundation/Http/Kernel.php(110): Illuminate\\Foundation\\Http\\Kernel->sendRequestThroughRouter()
#35 /var/www/html/laraveles/appAnimalesSalvajes/public/index.php(52): Illuminate\\Foundation\\Http\\Kernel->handle()
#36 {main}
"} 
[2021-01-27 18:22:46] local.ERROR: Property [pregunta] does not exist on this collection instance. {"exception":"[object] (Exception(code: 0): Property [pregunta] does not exist on this collection instance. at /var/www/html/laraveles/appAnimalesSalvajes/vendor/laravel/framework/src/Illuminate/Collections/Traits/EnumeratesValues.php:901)
[stacktrace]
#0 /var/www/html/laraveles/appAnimalesSalvajes/app/Http/Controllers/CartaController.php(14): Illuminate\\Support\\Collection->__get()
#1 /var/www/html/laraveles/appAnimalesSalvajes/vendor/laravel/framework/src/Illuminate/Routing/Controller.php(54): App\\Http\\Controllers\\CartaController->index()
#2 /var/www/html/laraveles/appAnimalesSalvajes/vendor/laravel/framework/src/Illuminate/Routing/ControllerDispatcher.php(45): Illuminate\\Routing\\Controller->callAction()
#3 /var/www/html/laraveles/appAnimalesSalvajes/vendor/laravel/framework/src/Illuminate/Routing/Route.php(254): Illuminate\\Routing\\ControllerDispatcher->dispatch()
#4 /var/www/html/laraveles/appAnimalesSalvajes/vendor/laravel/framework/src/Illuminate/Routing/Route.php(197): Illuminate\\Routing\\Route->runController()
#5 /var/www/html/laraveles/appAnimalesSalvajes/vendor/laravel/framework/src/Illuminate/Routing/Router.php(693): Illuminate\\Routing\\Route->run()
#6 /var/www/html/laraveles/appAnimalesSalvajes/vendor/laravel/framework/src/Illuminate/Pipeline/Pipeline.php(128): Illuminate\\Routing\\Router->Illuminate\\Routing\\{closure}()
#7 /var/www/html/laraveles/appAnimalesSalvajes/vendor/laravel/framework/src/Illuminate/Routing/Middleware/SubstituteBindings.php(41): Illuminate\\Pipeline\\Pipeline->Illuminate\\Pipeline\\{closure}()
#8 /var/www/html/laraveles/appAnimalesSalvajes/vendor/laravel/framework/src/Illuminate/Pipeline/Pipeline.php(167): Illuminate\\Routing\\Middleware\\SubstituteBindings->handle()
#9 /var/www/html/laraveles/appAnimalesSalvajes/vendor/laravel/framework/src/Illuminate/Routing/Middleware/ThrottleRequests.php(127): Illuminate\\Pipeline\\Pipeline->Illuminate\\Pipeline\\{closure}()
#10 /var/www/html/laraveles/appAnimalesSalvajes/vendor/laravel/framework/src/Illuminate/Routing/Middleware/ThrottleRequests.php(103): Illuminate\\Routing\\Middleware\\ThrottleRequests->handleRequest()
#11 /var/www/html/laraveles/appAnimalesSalvajes/vendor/laravel/framework/src/Illuminate/Routing/Middleware/ThrottleRequests.php(55): Illuminate\\Routing\\Middleware\\ThrottleRequests->handleRequestUsingNamedLimiter()
#12 /var/www/html/laraveles/appAnimalesSalvajes/vendor/laravel/framework/src/Illuminate/Pipeline/Pipeline.php(167): Illuminate\\Routing\\Middleware\\ThrottleRequests->handle()
#13 /var/www/html/laraveles/appAnimalesSalvajes/vendor/laravel/framework/src/Illuminate/Pipeline/Pipeline.php(103): Illuminate\\Pipeline\\Pipeline->Illuminate\\Pipeline\\{closure}()
#14 /var/www/html/laraveles/appAnimalesSalvajes/vendor/laravel/framework/src/Illuminate/Routing/Router.php(695): Illuminate\\Pipeline\\Pipeline->then()
#15 /var/www/html/laraveles/appAnimalesSalvajes/vendor/laravel/framework/src/Illuminate/Routing/Router.php(670): Illuminate\\Routing\\Router->runRouteWithinStack()
#16 /var/www/html/laraveles/appAnimalesSalvajes/vendor/laravel/framework/src/Illuminate/Routing/Router.php(636): Illuminate\\Routing\\Router->runRoute()
#17 /var/www/html/laraveles/appAnimalesSalvajes/vendor/laravel/framework/src/Illuminate/Routing/Router.php(625): Illuminate\\Routing\\Router->dispatchToRoute()
#18 /var/www/html/laraveles/appAnimalesSalvajes/vendor/laravel/framework/src/Illuminate/Foundation/Http/Kernel.php(166): Illuminate\\Routing\\Router->dispatch()
#19 /var/www/html/laraveles/appAnimalesSalvajes/vendor/laravel/framework/src/Illuminate/Pipeline/Pipeline.php(128): Illuminate\\Foundation\\Http\\Kernel->Illuminate\\Foundation\\Http\\{closure}()
#20 /var/www/html/laraveles/appAnimalesSalvajes/vendor/laravel/framework/src/Illuminate/Foundation/Http/Middleware/TransformsRequest.php(21): Illuminate\\Pipeline\\Pipeline->Illuminate\\Pipeline\\{closure}()
#21 /var/www/html/laraveles/appAnimalesSalvajes/vendor/laravel/framework/src/Illuminate/Pipeline/Pipeline.php(167): Illuminate\\Foundation\\Http\\Middleware\\TransformsRequest->handle()
#22 /var/www/html/laraveles/appAnimalesSalvajes/vendor/laravel/framework/src/Illuminate/Foundation/Http/Middleware/TransformsRequest.php(21): Illuminate\\Pipeline\\Pipeline->Illuminate\\Pipeline\\{closure}()
#23 /var/www/html/laraveles/appAnimalesSalvajes/vendor/laravel/framework/src/Illuminate/Pipeline/Pipeline.php(167): Illuminate\\Foundation\\Http\\Middleware\\TransformsRequest->handle()
#24 /var/www/html/laraveles/appAnimalesSalvajes/vendor/laravel/framework/src/Illuminate/Foundation/Http/Middleware/ValidatePostSize.php(27): Illuminate\\Pipeline\\Pipeline->Illuminate\\Pipeline\\{closure}()
#25 /var/www/html/laraveles/appAnimalesSalvajes/vendor/laravel/framework/src/Illuminate/Pipeline/Pipeline.php(167): Illuminate\\Foundation\\Http\\Middleware\\ValidatePostSize->handle()
#26 /var/www/html/laraveles/appAnimalesSalvajes/vendor/laravel/framework/src/Illuminate/Foundation/Http/Middleware/PreventRequestsDuringMaintenance.php(86): Illuminate\\Pipeline\\Pipeline->Illuminate\\Pipeline\\{closure}()
#27 /var/www/html/laraveles/appAnimalesSalvajes/vendor/laravel/framework/src/Illuminate/Pipeline/Pipeline.php(167): Illuminate\\Foundation\\Http\\Middleware\\PreventRequestsDuringMaintenance->handle()
#28 /var/www/html/laraveles/appAnimalesSalvajes/vendor/fruitcake/laravel-cors/src/HandleCors.php(57): Illuminate\\Pipeline\\Pipeline->Illuminate\\Pipeline\\{closure}()
#29 /var/www/html/laraveles/appAnimalesSalvajes/vendor/laravel/framework/src/Illuminate/Pipeline/Pipeline.php(167): Fruitcake\\Cors\\HandleCors->handle()
#30 /var/www/html/laraveles/appAnimalesSalvajes/vendor/fideloper/proxy/src/TrustProxies.php(57): Illuminate\\Pipeline\\Pipeline->Illuminate\\Pipeline\\{closure}()
#31 /var/www/html/laraveles/appAnimalesSalvajes/vendor/laravel/framework/src/Illuminate/Pipeline/Pipeline.php(167): Fideloper\\Proxy\\TrustProxies->handle()
#32 /var/www/html/laraveles/appAnimalesSalvajes/vendor/laravel/framework/src/Illuminate/Pipeline/Pipeline.php(103): Illuminate\\Pipeline\\Pipeline->Illuminate\\Pipeline\\{closure}()
#33 /var/www/html/laraveles/appAnimalesSalvajes/vendor/laravel/framework/src/Illuminate/Foundation/Http/Kernel.php(141): Illuminate\\Pipeline\\Pipeline->then()
#34 /var/www/html/laraveles/appAnimalesSalvajes/vendor/laravel/framework/src/Illuminate/Foundation/Http/Kernel.php(110): Illuminate\\Foundation\\Http\\Kernel->sendRequestThroughRouter()
#35 /var/www/html/laraveles/appAnimalesSalvajes/public/index.php(52): Illuminate\\Foundation\\Http\\Kernel->handle()
#36 {main}
"} 
[2021-01-27 18:24:45] local.ERROR: Property [preguntas] does not exist on this collection instance. {"exception":"[object] (Exception(code: 0): Property [preguntas] does not exist on this collection instance. at /var/www/html/laraveles/appAnimalesSalvajes/vendor/laravel/framework/src/Illuminate/Collections/Traits/EnumeratesValues.php:901)
[stacktrace]
#0 /var/www/html/laraveles/appAnimalesSalvajes/app/Http/Controllers/CartaController.php(17): Illuminate\\Support\\Collection->__get()
#1 /var/www/html/laraveles/appAnimalesSalvajes/vendor/laravel/framework/src/Illuminate/Routing/Controller.php(54): App\\Http\\Controllers\\CartaController->index()
#2 /var/www/html/laraveles/appAnimalesSalvajes/vendor/laravel/framework/src/Illuminate/Routing/ControllerDispatcher.php(45): Illuminate\\Routing\\Controller->callAction()
#3 /var/www/html/laraveles/appAnimalesSalvajes/vendor/laravel/framework/src/Illuminate/Routing/Route.php(254): Illuminate\\Routing\\ControllerDispatcher->dispatch()
#4 /var/www/html/laraveles/appAnimalesSalvajes/vendor/laravel/framework/src/Illuminate/Routing/Route.php(197): Illuminate\\Routing\\Route->runController()
#5 /var/www/html/laraveles/appAnimalesSalvajes/vendor/laravel/framework/src/Illuminate/Routing/Router.php(693): Illuminate\\Routing\\Route->run()
#6 /var/www/html/laraveles/appAnimalesSalvajes/vendor/laravel/framework/src/Illuminate/Pipeline/Pipeline.php(128): Illuminate\\Routing\\Router->Illuminate\\Routing\\{closure}()
#7 /var/www/html/laraveles/appAnimalesSalvajes/vendor/laravel/framework/src/Illuminate/Routing/Middleware/SubstituteBindings.php(41): Illuminate\\Pipeline\\Pipeline->Illuminate\\Pipeline\\{closure}()
#8 /var/www/html/laraveles/appAnimalesSalvajes/vendor/laravel/framework/src/Illuminate/Pipeline/Pipeline.php(167): Illuminate\\Routing\\Middleware\\SubstituteBindings->handle()
#9 /var/www/html/laraveles/appAnimalesSalvajes/vendor/laravel/framework/src/Illuminate/Routing/Middleware/ThrottleRequests.php(127): Illuminate\\Pipeline\\Pipeline->Illuminate\\Pipeline\\{closure}()
#10 /var/www/html/laraveles/appAnimalesSalvajes/vendor/laravel/framework/src/Illuminate/Routing/Middleware/ThrottleRequests.php(103): Illuminate\\Routing\\Middleware\\ThrottleRequests->handleRequest()
#11 /var/www/html/laraveles/appAnimalesSalvajes/vendor/laravel/framework/src/Illuminate/Routing/Middleware/ThrottleRequests.php(55): Illuminate\\Routing\\Middleware\\ThrottleRequests->handleRequestUsingNamedLimiter()
#12 /var/www/html/laraveles/appAnimalesSalvajes/vendor/laravel/framework/src/Illuminate/Pipeline/Pipeline.php(167): Illuminate\\Routing\\Middleware\\ThrottleRequests->handle()
#13 /var/www/html/laraveles/appAnimalesSalvajes/vendor/laravel/framework/src/Illuminate/Pipeline/Pipeline.php(103): Illuminate\\Pipeline\\Pipeline->Illuminate\\Pipeline\\{closure}()
#14 /var/www/html/laraveles/appAnimalesSalvajes/vendor/laravel/framework/src/Illuminate/Routing/Router.php(695): Illuminate\\Pipeline\\Pipeline->then()
#15 /var/www/html/laraveles/appAnimalesSalvajes/vendor/laravel/framework/src/Illuminate/Routing/Router.php(670): Illuminate\\Routing\\Router->runRouteWithinStack()
#16 /var/www/html/laraveles/appAnimalesSalvajes/vendor/laravel/framework/src/Illuminate/Routing/Router.php(636): Illuminate\\Routing\\Router->runRoute()
#17 /var/www/html/laraveles/appAnimalesSalvajes/vendor/laravel/framework/src/Illuminate/Routing/Router.php(625): Illuminate\\Routing\\Router->dispatchToRoute()
#18 /var/www/html/laraveles/appAnimalesSalvajes/vendor/laravel/framework/src/Illuminate/Foundation/Http/Kernel.php(166): Illuminate\\Routing\\Router->dispatch()
#19 /var/www/html/laraveles/appAnimalesSalvajes/vendor/laravel/framework/src/Illuminate/Pipeline/Pipeline.php(128): Illuminate\\Foundation\\Http\\Kernel->Illuminate\\Foundation\\Http\\{closure}()
#20 /var/www/html/laraveles/appAnimalesSalvajes/vendor/laravel/framework/src/Illuminate/Foundation/Http/Middleware/TransformsRequest.php(21): Illuminate\\Pipeline\\Pipeline->Illuminate\\Pipeline\\{closure}()
#21 /var/www/html/laraveles/appAnimalesSalvajes/vendor/laravel/framework/src/Illuminate/Pipeline/Pipeline.php(167): Illuminate\\Foundation\\Http\\Middleware\\TransformsRequest->handle()
#22 /var/www/html/laraveles/appAnimalesSalvajes/vendor/laravel/framework/src/Illuminate/Foundation/Http/Middleware/TransformsRequest.php(21): Illuminate\\Pipeline\\Pipeline->Illuminate\\Pipeline\\{closure}()
#23 /var/www/html/laraveles/appAnimalesSalvajes/vendor/laravel/framework/src/Illuminate/Pipeline/Pipeline.php(167): Illuminate\\Foundation\\Http\\Middleware\\TransformsRequest->handle()
#24 /var/www/html/laraveles/appAnimalesSalvajes/vendor/laravel/framework/src/Illuminate/Foundation/Http/Middleware/ValidatePostSize.php(27): Illuminate\\Pipeline\\Pipeline->Illuminate\\Pipeline\\{closure}()
#25 /var/www/html/laraveles/appAnimalesSalvajes/vendor/laravel/framework/src/Illuminate/Pipeline/Pipeline.php(167): Illuminate\\Foundation\\Http\\Middleware\\ValidatePostSize->handle()
#26 /var/www/html/laraveles/appAnimalesSalvajes/vendor/laravel/framework/src/Illuminate/Foundation/Http/Middleware/PreventRequestsDuringMaintenance.php(86): Illuminate\\Pipeline\\Pipeline->Illuminate\\Pipeline\\{closure}()
#27 /var/www/html/laraveles/appAnimalesSalvajes/vendor/laravel/framework/src/Illuminate/Pipeline/Pipeline.php(167): Illuminate\\Foundation\\Http\\Middleware\\PreventRequestsDuringMaintenance->handle()
#28 /var/www/html/laraveles/appAnimalesSalvajes/vendor/fruitcake/laravel-cors/src/HandleCors.php(57): Illuminate\\Pipeline\\Pipeline->Illuminate\\Pipeline\\{closure}()
#29 /var/www/html/laraveles/appAnimalesSalvajes/vendor/laravel/framework/src/Illuminate/Pipeline/Pipeline.php(167): Fruitcake\\Cors\\HandleCors->handle()
#30 /var/www/html/laraveles/appAnimalesSalvajes/vendor/fideloper/proxy/src/TrustProxies.php(57): Illuminate\\Pipeline\\Pipeline->Illuminate\\Pipeline\\{closure}()
#31 /var/www/html/laraveles/appAnimalesSalvajes/vendor/laravel/framework/src/Illuminate/Pipeline/Pipeline.php(167): Fideloper\\Proxy\\TrustProxies->handle()
#32 /var/www/html/laraveles/appAnimalesSalvajes/vendor/laravel/framework/src/Illuminate/Pipeline/Pipeline.php(103): Illuminate\\Pipeline\\Pipeline->Illuminate\\Pipeline\\{closure}()
#33 /var/www/html/laraveles/appAnimalesSalvajes/vendor/laravel/framework/src/Illuminate/Foundation/Http/Kernel.php(141): Illuminate\\Pipeline\\Pipeline->then()
#34 /var/www/html/laraveles/appAnimalesSalvajes/vendor/laravel/framework/src/Illuminate/Foundation/Http/Kernel.php(110): Illuminate\\Foundation\\Http\\Kernel->sendRequestThroughRouter()
#35 /var/www/html/laraveles/appAnimalesSalvajes/public/index.php(52): Illuminate\\Foundation\\Http\\Kernel->handle()
#36 {main}
"} 
[2021-01-27 18:25:14] local.ERROR: Illegal offset type {"exception":"[object] (ErrorException(code: 0): Illegal offset type at /var/www/html/laraveles/appAnimalesSalvajes/app/Http/Controllers/CartaController.php:17)
[stacktrace]
#0 /var/www/html/laraveles/appAnimalesSalvajes/app/Http/Controllers/CartaController.php(17): Illuminate\\Foundation\\Bootstrap\\HandleExceptions->handleError()
#1 /var/www/html/laraveles/appAnimalesSalvajes/vendor/laravel/framework/src/Illuminate/Routing/Controller.php(54): App\\Http\\Controllers\\CartaController->index()
#2 /var/www/html/laraveles/appAnimalesSalvajes/vendor/laravel/framework/src/Illuminate/Routing/ControllerDispatcher.php(45): Illuminate\\Routing\\Controller->callAction()
#3 /var/www/html/laraveles/appAnimalesSalvajes/vendor/laravel/framework/src/Illuminate/Routing/Route.php(254): Illuminate\\Routing\\ControllerDispatcher->dispatch()
#4 /var/www/html/laraveles/appAnimalesSalvajes/vendor/laravel/framework/src/Illuminate/Routing/Route.php(197): Illuminate\\Routing\\Route->runController()
#5 /var/www/html/laraveles/appAnimalesSalvajes/vendor/laravel/framework/src/Illuminate/Routing/Router.php(693): Illuminate\\Routing\\Route->run()
#6 /var/www/html/laraveles/appAnimalesSalvajes/vendor/laravel/framework/src/Illuminate/Pipeline/Pipeline.php(128): Illuminate\\Routing\\Router->Illuminate\\Routing\\{closure}()
#7 /var/www/html/laraveles/appAnimalesSalvajes/vendor/laravel/framework/src/Illuminate/Routing/Middleware/SubstituteBindings.php(41): Illuminate\\Pipeline\\Pipeline->Illuminate\\Pipeline\\{closure}()
#8 /var/www/html/laraveles/appAnimalesSalvajes/vendor/laravel/framework/src/Illuminate/Pipeline/Pipeline.php(167): Illuminate\\Routing\\Middleware\\SubstituteBindings->handle()
#9 /var/www/html/laraveles/appAnimalesSalvajes/vendor/laravel/framework/src/Illuminate/Routing/Middleware/ThrottleRequests.php(127): Illuminate\\Pipeline\\Pipeline->Illuminate\\Pipeline\\{closure}()
#10 /var/www/html/laraveles/appAnimalesSalvajes/vendor/laravel/framework/src/Illuminate/Routing/Middleware/ThrottleRequests.php(103): Illuminate\\Routing\\Middleware\\ThrottleRequests->handleRequest()
#11 /var/www/html/laraveles/appAnimalesSalvajes/vendor/laravel/framework/src/Illuminate/Routing/Middleware/ThrottleRequests.php(55): Illuminate\\Routing\\Middleware\\ThrottleRequests->handleRequestUsingNamedLimiter()
#12 /var/www/html/laraveles/appAnimalesSalvajes/vendor/laravel/framework/src/Illuminate/Pipeline/Pipeline.php(167): Illuminate\\Routing\\Middleware\\ThrottleRequests->handle()
#13 /var/www/html/laraveles/appAnimalesSalvajes/vendor/laravel/framework/src/Illuminate/Pipeline/Pipeline.php(103): Illuminate\\Pipeline\\Pipeline->Illuminate\\Pipeline\\{closure}()
#14 /var/www/html/laraveles/appAnimalesSalvajes/vendor/laravel/framework/src/Illuminate/Routing/Router.php(695): Illuminate\\Pipeline\\Pipeline->then()
#15 /var/www/html/laraveles/appAnimalesSalvajes/vendor/laravel/framework/src/Illuminate/Routing/Router.php(670): Illuminate\\Routing\\Router->runRouteWithinStack()
#16 /var/www/html/laraveles/appAnimalesSalvajes/vendor/laravel/framework/src/Illuminate/Routing/Router.php(636): Illuminate\\Routing\\Router->runRoute()
#17 /var/www/html/laraveles/appAnimalesSalvajes/vendor/laravel/framework/src/Illuminate/Routing/Router.php(625): Illuminate\\Routing\\Router->dispatchToRoute()
#18 /var/www/html/laraveles/appAnimalesSalvajes/vendor/laravel/framework/src/Illuminate/Foundation/Http/Kernel.php(166): Illuminate\\Routing\\Router->dispatch()
#19 /var/www/html/laraveles/appAnimalesSalvajes/vendor/laravel/framework/src/Illuminate/Pipeline/Pipeline.php(128): Illuminate\\Foundation\\Http\\Kernel->Illuminate\\Foundation\\Http\\{closure}()
#20 /var/www/html/laraveles/appAnimalesSalvajes/vendor/laravel/framework/src/Illuminate/Foundation/Http/Middleware/TransformsRequest.php(21): Illuminate\\Pipeline\\Pipeline->Illuminate\\Pipeline\\{closure}()
#21 /var/www/html/laraveles/appAnimalesSalvajes/vendor/laravel/framework/src/Illuminate/Pipeline/Pipeline.php(167): Illuminate\\Foundation\\Http\\Middleware\\TransformsRequest->handle()
#22 /var/www/html/laraveles/appAnimalesSalvajes/vendor/laravel/framework/src/Illuminate/Foundation/Http/Middleware/TransformsRequest.php(21): Illuminate\\Pipeline\\Pipeline->Illuminate\\Pipeline\\{closure}()
#23 /var/www/html/laraveles/appAnimalesSalvajes/vendor/laravel/framework/src/Illuminate/Pipeline/Pipeline.php(167): Illuminate\\Foundation\\Http\\Middleware\\TransformsRequest->handle()
#24 /var/www/html/laraveles/appAnimalesSalvajes/vendor/laravel/framework/src/Illuminate/Foundation/Http/Middleware/ValidatePostSize.php(27): Illuminate\\Pipeline\\Pipeline->Illuminate\\Pipeline\\{closure}()
#25 /var/www/html/laraveles/appAnimalesSalvajes/vendor/laravel/framework/src/Illuminate/Pipeline/Pipeline.php(167): Illuminate\\Foundation\\Http\\Middleware\\ValidatePostSize->handle()
#26 /var/www/html/laraveles/appAnimalesSalvajes/vendor/laravel/framework/src/Illuminate/Foundation/Http/Middleware/PreventRequestsDuringMaintenance.php(86): Illuminate\\Pipeline\\Pipeline->Illuminate\\Pipeline\\{closure}()
#27 /var/www/html/laraveles/appAnimalesSalvajes/vendor/laravel/framework/src/Illuminate/Pipeline/Pipeline.php(167): Illuminate\\Foundation\\Http\\Middleware\\PreventRequestsDuringMaintenance->handle()
#28 /var/www/html/laraveles/appAnimalesSalvajes/vendor/fruitcake/laravel-cors/src/HandleCors.php(57): Illuminate\\Pipeline\\Pipeline->Illuminate\\Pipeline\\{closure}()
#29 /var/www/html/laraveles/appAnimalesSalvajes/vendor/laravel/framework/src/Illuminate/Pipeline/Pipeline.php(167): Fruitcake\\Cors\\HandleCors->handle()
#30 /var/www/html/laraveles/appAnimalesSalvajes/vendor/fideloper/proxy/src/TrustProxies.php(57): Illuminate\\Pipeline\\Pipeline->Illuminate\\Pipeline\\{closure}()
#31 /var/www/html/laraveles/appAnimalesSalvajes/vendor/laravel/framework/src/Illuminate/Pipeline/Pipeline.php(167): Fideloper\\Proxy\\TrustProxies->handle()
#32 /var/www/html/laraveles/appAnimalesSalvajes/vendor/laravel/framework/src/Illuminate/Pipeline/Pipeline.php(103): Illuminate\\Pipeline\\Pipeline->Illuminate\\Pipeline\\{closure}()
#33 /var/www/html/laraveles/appAnimalesSalvajes/vendor/laravel/framework/src/Illuminate/Foundation/Http/Kernel.php(141): Illuminate\\Pipeline\\Pipeline->then()
#34 /var/www/html/laraveles/appAnimalesSalvajes/vendor/laravel/framework/src/Illuminate/Foundation/Http/Kernel.php(110): Illuminate\\Foundation\\Http\\Kernel->sendRequestThroughRouter()
#35 /var/www/html/laraveles/appAnimalesSalvajes/public/index.php(52): Illuminate\\Foundation\\Http\\Kernel->handle()
#36 {main}
"} 
